<?xml version="1.0" encoding="UTF-8"?>
<!-- Generated by org.testng.reporters.JUnitReportReporter -->
<testsuite hostname="UKLOC02VM108G8WN.local" name="hello.CustomerTests" tests="1" failures="0" timestamp="6 Nov 2018 09:23:52 GMT" time="0.002" errors="0">
  <testcase name="testCustomer" time="0.002" classname="hello.CustomerTests"/>
</testsuite> <!-- hello.CustomerTests -->
