<?xml version="1.0" encoding="UTF-8"?>
<!-- Generated by org.testng.reporters.JUnitReportReporter -->
<testsuite hostname="UKLOC02VM108G8WN.local" name="hello.CustomerTests" tests="1" failures="0" timestamp="5 Nov 2018 14:00:11 GMT" time="0.012" errors="0">
  <testcase name="testCustomer" time="0.012" classname="hello.CustomerTests"/>
</testsuite> <!-- hello.CustomerTests -->
