<?xml version="1.0" encoding="UTF-8"?>
<!-- Generated by org.testng.reporters.JUnitReportReporter -->
<testsuite hostname="MacBook-Pro-7.local" name="hello.CustomerTests" tests="1" failures="0" timestamp="29 Oct 2018 11:19:28 GMT" time="0.022" errors="0">
  <testcase name="testCustomer" time="0.022" classname="hello.CustomerTests"/>
</testsuite> <!-- hello.CustomerTests -->
