<?xml version="1.0" encoding="UTF-8"?>
<!-- Generated by org.testng.reporters.JUnitReportReporter -->
<testsuite hostname="UKLOC02VM108G8WN.local" name="hello.IntegrationTests" tests="1" failures="0" timestamp="5 Nov 2018 14:00:56 GMT" time="1.168" errors="0">
  <testcase name="testStatus" time="1.168" classname="hello.IntegrationTests"/>
</testsuite> <!-- hello.IntegrationTests -->
